D:\人智\AI_PROJECT\AI_PROJECT\AI_PROJECT_WIN\CONNECT4\STRATEGY\RELEASE\STRATEGY.OBJ
D:\人智\AI_PROJECT\AI_PROJECT\AI_PROJECT_WIN\CONNECT4\STRATEGY\RELEASE\JUDGE.OBJ
D:\人智\AI_PROJECT\AI_PROJECT\AI_PROJECT_WIN\CONNECT4\STRATEGY\RELEASE\VC110.PDB
D:\人智\AI_PROJECT\AI_PROJECT\AI_PROJECT_WIN\CONNECT4\STRATEGY\RELEASE\STRATEGY.DLL
D:\人智\AI_PROJECT\AI_PROJECT\AI_PROJECT_WIN\CONNECT4\STRATEGY\RELEASE\STRATEGY.PDB
D:\人智\AI_Project\AI_Project\AI_project_win\Connect4\Strategy\Release\Strategy.lib
D:\人智\AI_Project\AI_Project\AI_project_win\Connect4\Strategy\Release\Strategy.exp
D:\人智\AI_Project\AI_Project\AI_project_win\Connect4\Strategy\Release\Judge.obj
D:\人智\AI_Project\AI_Project\AI_project_win\Connect4\Strategy\Release\Strategy.obj
D:\人智\AI_Project\AI_Project\AI_project_win\Connect4\Strategy\Release\cl.command.1.tlog
D:\人智\AI_Project\AI_Project\AI_project_win\Connect4\Strategy\Release\CL.read.1.tlog
D:\人智\AI_Project\AI_Project\AI_project_win\Connect4\Strategy\Release\CL.write.1.tlog
D:\人智\AI_Project\AI_Project\AI_project_win\Connect4\Strategy\Release\link-cvtres.read.1.tlog
D:\人智\AI_Project\AI_Project\AI_project_win\Connect4\Strategy\Release\link-cvtres.write.1.tlog
D:\人智\AI_Project\AI_Project\AI_project_win\Connect4\Strategy\Release\link-rc.read.1.tlog
D:\人智\AI_Project\AI_Project\AI_project_win\Connect4\Strategy\Release\link-rc.write.1.tlog
D:\人智\AI_Project\AI_Project\AI_project_win\Connect4\Strategy\Release\link.command.1.tlog
D:\人智\AI_Project\AI_Project\AI_project_win\Connect4\Strategy\Release\link.read.1.tlog
D:\人智\AI_Project\AI_Project\AI_project_win\Connect4\Strategy\Release\link.write.1.tlog
D:\人智\AI_Project\AI_Project\AI_project_win\Connect4\Strategy\Release\Strategy.write.1.tlog
D:\人智\AI_Project\AI_Project\AI_project_win\Connect4\Strategy\Release\Strategy.pdb
D:\人智\AI_Project\AI_Project\AI_project_win\Connect4\Strategy\Release\vc110.pdb
D:\人智\AI_Project\AI_Project\AI_project_win\Connect4\Strategy\Release\Strategy.dll
