D:\人智\AI_PROJECT\AI_PROJECT\AI_PROJECT_WIN\CONNECT4\STRATEGY\DEBUG\JUDGE.OBJ
D:\人智\AI_PROJECT\AI_PROJECT\AI_PROJECT_WIN\CONNECT4\STRATEGY\DEBUG\STRATEGY.OBJ
D:\人智\AI_PROJECT\AI_PROJECT\AI_PROJECT_WIN\CONNECT4\STRATEGY\DEBUG\VC110.PDB
D:\人智\AI_PROJECT\AI_PROJECT\AI_PROJECT_WIN\CONNECT4\STRATEGY\DEBUG\STRATEGY.ILK
D:\人智\AI_PROJECT\AI_PROJECT\AI_PROJECT_WIN\CONNECT4\STRATEGY\DEBUG\STRATEGY.DLL
D:\人智\AI_PROJECT\AI_PROJECT\AI_PROJECT_WIN\CONNECT4\STRATEGY\DEBUG\STRATEGY.PDB
D:\人智\AI_Project\AI_Project\AI_project_win\Connect4\Strategy\Debug\Strategy.lib
D:\人智\AI_Project\AI_Project\AI_project_win\Connect4\Strategy\Debug\Strategy.exp
D:\人智\AI_Project\AI_Project\AI_project_win\Connect4\Strategy\Debug\Judge.obj
D:\人智\AI_Project\AI_Project\AI_project_win\Connect4\Strategy\Debug\Strategy.obj
D:\人智\AI_Project\AI_Project\AI_project_win\Connect4\Strategy\Debug\Strategy.ilk
D:\人智\AI_Project\AI_Project\AI_project_win\Connect4\Strategy\Debug\cl.command.1.tlog
D:\人智\AI_Project\AI_Project\AI_project_win\Connect4\Strategy\Debug\CL.read.1.tlog
D:\人智\AI_Project\AI_Project\AI_project_win\Connect4\Strategy\Debug\CL.write.1.tlog
D:\人智\AI_Project\AI_Project\AI_project_win\Connect4\Strategy\Debug\link-cvtres.read.1.tlog
D:\人智\AI_Project\AI_Project\AI_project_win\Connect4\Strategy\Debug\link-cvtres.write.1.tlog
D:\人智\AI_Project\AI_Project\AI_project_win\Connect4\Strategy\Debug\link-rc.read.1.tlog
D:\人智\AI_Project\AI_Project\AI_project_win\Connect4\Strategy\Debug\link-rc.write.1.tlog
D:\人智\AI_Project\AI_Project\AI_project_win\Connect4\Strategy\Debug\link.command.1.tlog
D:\人智\AI_Project\AI_Project\AI_project_win\Connect4\Strategy\Debug\link.read.1.tlog
D:\人智\AI_Project\AI_Project\AI_project_win\Connect4\Strategy\Debug\link.write.1.tlog
D:\人智\AI_Project\AI_Project\AI_project_win\Connect4\Strategy\Debug\Strategy.write.1.tlog
D:\人智\AI_Project\AI_Project\AI_project_win\Connect4\Strategy\Debug\vc110.idb
D:\人智\AI_Project\AI_Project\AI_project_win\Connect4\Strategy\Debug\Strategy.pdb
D:\人智\AI_Project\AI_Project\AI_project_win\Connect4\Strategy\Debug\vc110.pdb
D:\人智\AI_Project\AI_Project\AI_project_win\Connect4\Strategy\Debug\Strategy.dll
